2016/08/10 08:29:26 - FMain.windowOpened(FMain.java:287)
	Utilities.CDatabaseUtilities.OpenDatabaseConnectionSQLServer(CDatabaseUtilities.java:162)
	com.microsoft.sqlserver.jdbc.SQLServerDataSource.getConnection(SQLServerDataSource.java:57)
	com.microsoft.sqlserver.jdbc.SQLServerDataSource.getConnectionInternal(SQLServerDataSource.java:621)
	com.microsoft.sqlserver.jdbc.SQLServerConnection.connect(SQLServerConnection.java:827)
	com.microsoft.sqlserver.jdbc.SQLServerConnection.login(SQLServerConnection.java:991)
	com.microsoft.sqlserver.jdbc.SQLServerConnection.connectHelper(SQLServerConnection.java:1326)
	com.microsoft.sqlserver.jdbc.SQLServerConnection.executeCommand(SQLServerConnection.java:1715)
	com.microsoft.sqlserver.jdbc.TDSCommand.execute(IOBuffer.java:5696)
	com.microsoft.sqlserver.jdbc.SQLServerConnection$LogonCommand.doExecute(SQLServerConnection.java:2220)
	com.microsoft.sqlserver.jdbc.SQLServerConnection.access$000(SQLServerConnection.java:41)
	com.microsoft.sqlserver.jdbc.SQLServerConnection.logon(SQLServerConnection.java:2229)
	com.microsoft.sqlserver.jdbc.AuthenticationJNI.<init>(AuthenticationJNI.java:60)
	com.microsoft.sqlserver.jdbc.SQLServerConnection.terminate(SQLServerConnection.java:1667)
This driver is not configured for integrated authentication. ClientConnectionId:4816d8ea-c7ff-4950-b800-6ca21ddc79b2
2016/08/10 08:37:33 - FMain.actionPerformed(FMain.java:391)
	FMain.btnManageTeams_Click(FMain.java:455)
	FMain.ManageTeams(FMain.java:480)
	Teams.DManageTeams.actionPerformed(DManageTeams.java:312)
	Teams.DManageTeams.btnEdit_Click(DManageTeams.java:398)
	Teams.DEditTeam.windowOpened(DEditTeam.java:224)
	Utilities.CDatabaseUtilities.GetTeamInformationFromDatabase(CDatabaseUtilities.java:599)
null
2016/08/10 08:38:46 - FMain.actionPerformed(FMain.java:391)
	FMain.btnManageTeams_Click(FMain.java:455)
	FMain.ManageTeams(FMain.java:480)
	Teams.DManageTeams.actionPerformed(DManageTeams.java:312)
	Teams.DManageTeams.btnEdit_Click(DManageTeams.java:398)
	Teams.DEditTeam.windowOpened(DEditTeam.java:224)
	Utilities.CDatabaseUtilities.GetTeamInformationFromDatabase(CDatabaseUtilities.java:599)
null
2016/08/10 08:38:55 - FMain.actionPerformed(FMain.java:393)
	FMain.btnManagePlayers_Click(FMain.java:581)
	FMain.ManagePlayers(FMain.java:606)
	Players.DManagePlayers.windowOpened(DManagePlayers.java:226)
	Players.DManagePlayers.LoadPlayersList(DManagePlayers.java:285)
	Utilities.CDatabaseUtilities.LoadListBoxFromDatabase(CDatabaseUtilities.java:244)
null
2016/08/10 09:34:04 - FMain.actionPerformed(FMain.java:392)
	FMain.btnAssignTeamPlayers_Click(FMain.java:518)
	FMain.AssignTeamPlayers(FMain.java:543)
	TeamPlayers.DAssignTeamPlayers.actionPerformed(DAssignTeamPlayers.java:360)
	TeamPlayers.DAssignTeamPlayers.btnAll_Click(DAssignTeamPlayers.java:394)
	Utilities.CDatabaseUtilities.AddAllPlayersToTeamInDatabase2(CDatabaseUtilities.java:973)
	com.microsoft.sqlserver.jdbc.SQLServerPreparedStatement.execute(SQLServerPreparedStatement.java:332)
	com.microsoft.sqlserver.jdbc.SQLServerStatement.executeStatement(SQLServerStatement.java:155)
	com.microsoft.sqlserver.jdbc.SQLServerStatement.executeCommand(SQLServerStatement.java:180)
	com.microsoft.sqlserver.jdbc.SQLServerConnection.executeCommand(SQLServerConnection.java:1715)
	com.microsoft.sqlserver.jdbc.TDSCommand.execute(IOBuffer.java:5696)
	com.microsoft.sqlserver.jdbc.SQLServerPreparedStatement$PrepStmtExecCmd.doExecute(SQLServerPreparedStatement.java:350)
	com.microsoft.sqlserver.jdbc.SQLServerPreparedStatement.doExecutePreparedStatement(SQLServerPreparedStatement.java:404)
	com.microsoft.sqlserver.jdbc.SQLServerStatement.getNextResult(SQLServerStatement.java:1515)
	com.microsoft.sqlserver.jdbc.SQLServerException.makeFromDatabaseError(SQLServerException.java:216)
Could not find stored procedure 'uspAddAllPlayersToTeam'.
2016/08/10 09:34:32 - FMain.actionPerformed(FMain.java:392)
	FMain.btnAssignTeamPlayers_Click(FMain.java:518)
	FMain.AssignTeamPlayers(FMain.java:543)
	TeamPlayers.DAssignTeamPlayers.actionPerformed(DAssignTeamPlayers.java:360)
	TeamPlayers.DAssignTeamPlayers.btnAll_Click(DAssignTeamPlayers.java:394)
	Utilities.CDatabaseUtilities.AddAllPlayersToTeamInDatabase2(CDatabaseUtilities.java:973)
	com.microsoft.sqlserver.jdbc.SQLServerPreparedStatement.execute(SQLServerPreparedStatement.java:332)
	com.microsoft.sqlserver.jdbc.SQLServerStatement.executeStatement(SQLServerStatement.java:155)
	com.microsoft.sqlserver.jdbc.SQLServerStatement.executeCommand(SQLServerStatement.java:180)
	com.microsoft.sqlserver.jdbc.SQLServerConnection.executeCommand(SQLServerConnection.java:1715)
	com.microsoft.sqlserver.jdbc.TDSCommand.execute(IOBuffer.java:5696)
	com.microsoft.sqlserver.jdbc.SQLServerPreparedStatement$PrepStmtExecCmd.doExecute(SQLServerPreparedStatement.java:350)
	com.microsoft.sqlserver.jdbc.SQLServerPreparedStatement.doExecutePreparedStatement(SQLServerPreparedStatement.java:404)
	com.microsoft.sqlserver.jdbc.SQLServerStatement.getNextResult(SQLServerStatement.java:1515)
	com.microsoft.sqlserver.jdbc.SQLServerException.makeFromDatabaseError(SQLServerException.java:216)
Could not find stored procedure 'uspAddAllPlayersToTeam'.
